2026-02-08 16:00:01 INFO __main__: Project settings aplicados desde C:\PROYECTOS\RCS\rcs_settings.json: {'preview.thumbs.size_px': 64, 'preview.thumbs.render_scale': 2, 'preview.thumbs.stroke_thick': 0, 'preview.thumbs.outline_thick': 0, 'ui.canvas.zoom_after_fit': 1.0, 'ui.canvas.start_anchor': 'canvas_origin', 'ui.canvas.default_canvas_mm': [500.0, 300.0], 'ui.canvas.start_view': {'center_canvas': [152.587890625, 97.265625], 'zoom': 4.096}, 'ui.canvas.zoom_range': 1.0, 'ui.canvas.scroll_v': True, 'ui.canvas.scroll_h_policy': 'on', 'ui.canvas.scroll_v_policy': 'needed'}
2026-02-08 16:00:01 INFO rcs.core.settings: Project settings aplicados desde C:\PROYECTOS\RCS\rcs_settings.json: {'preview.thumbs.size_px': 64, 'preview.thumbs.render_scale': 2, 'preview.thumbs.stroke_thick': 0, 'preview.thumbs.outline_thick': 0, 'ui.canvas.zoom_after_fit': 1.0, 'ui.canvas.start_anchor': 'canvas_origin', 'ui.canvas.default_canvas_mm': [500.0, 300.0], 'ui.canvas.start_view': {'center_canvas': [152.587890625, 97.265625], 'zoom': 4.096}, 'ui.canvas.zoom_range': 1.0, 'ui.canvas.scroll_v': True, 'ui.canvas.scroll_h_policy': 'on', 'ui.canvas.scroll_v_policy': 'needed'}
2026-02-08 16:00:01 INFO __main__: RCS iniciado (v0.3.10.2.77)
2026-02-08 16:00:23 ERROR rcs.ui.main_window: Error al importar GMPR
Traceback (most recent call last):
  File "C:\PROYECTOS\RCS\rcs\ui\main_window.py", line 1191, in action_import_gmpr
    proj = gmpr_to_project(bundle, gmpr_path=Path(fp))
           ^^^^^^^^^^^^^^^^^^^^^^^^^^^^^^^^^^^^^^^^^^^
  File "C:\PROYECTOS\RCS\rcs\core\gmpr_io.py", line 374, in gmpr_to_project
    type=ObjectType.SVG,
         ^^^^^^^^^^
NameError: name 'ObjectType' is not defined
2026-02-08 16:41:28 INFO __main__: Project settings aplicados desde C:\PROYECTOS\RCS\rcs_settings.json: {'preview.thumbs.size_px': 64, 'preview.thumbs.render_scale': 2, 'preview.thumbs.stroke_thick': 0, 'preview.thumbs.outline_thick': 0, 'ui.canvas.zoom_after_fit': 1.0, 'ui.canvas.start_anchor': 'canvas_origin', 'ui.canvas.default_canvas_mm': [500.0, 300.0], 'ui.canvas.start_view': {'center_canvas': [152.587890625, 97.265625], 'zoom': 4.096}, 'ui.canvas.zoom_range': 1.0, 'ui.canvas.scroll_v': True, 'ui.canvas.scroll_h_policy': 'on', 'ui.canvas.scroll_v_policy': 'needed'}
2026-02-08 16:41:28 INFO rcs.core.settings: Project settings aplicados desde C:\PROYECTOS\RCS\rcs_settings.json: {'preview.thumbs.size_px': 64, 'preview.thumbs.render_scale': 2, 'preview.thumbs.stroke_thick': 0, 'preview.thumbs.outline_thick': 0, 'ui.canvas.zoom_after_fit': 1.0, 'ui.canvas.start_anchor': 'canvas_origin', 'ui.canvas.default_canvas_mm': [500.0, 300.0], 'ui.canvas.start_view': {'center_canvas': [152.587890625, 97.265625], 'zoom': 4.096}, 'ui.canvas.zoom_range': 1.0, 'ui.canvas.scroll_v': True, 'ui.canvas.scroll_h_policy': 'on', 'ui.canvas.scroll_v_policy': 'needed'}
2026-02-08 16:41:28 INFO __main__: RCS iniciado (v0.3.10.2.77)
2026-02-08 16:41:45 ERROR rcs.ui.main_window: Error al importar GMPR
Traceback (most recent call last):
  File "C:\PROYECTOS\RCS\rcs\ui\main_window.py", line 1191, in action_import_gmpr
    proj = gmpr_to_project(bundle, gmpr_path=Path(fp))
           ^^^^^^^^^^^^^^^^^^^^^^^^^^^^^^^^^^^^^^^^^^^
  File "C:\PROYECTOS\RCS\rcs\core\gmpr_io.py", line 374, in gmpr_to_project
    type=ObjectType.SVG,
         ^^^^^^^^^^
NameError: name 'ObjectType' is not defined
2026-02-08 17:28:53 INFO __main__: Project settings aplicados desde C:\PROYECTOS\RCS\rcs_settings.json: {'preview.thumbs.size_px': 64, 'preview.thumbs.render_scale': 2, 'preview.thumbs.stroke_thick': 0, 'preview.thumbs.outline_thick': 0, 'ui.canvas.zoom_after_fit': 1.0, 'ui.canvas.start_anchor': 'canvas_origin', 'ui.canvas.default_canvas_mm': [500.0, 300.0], 'ui.canvas.start_view': {'center_canvas': [152.587890625, 97.265625], 'zoom': 4.096}, 'ui.canvas.zoom_range': 1.0, 'ui.canvas.scroll_v': True, 'ui.canvas.scroll_h_policy': 'on', 'ui.canvas.scroll_v_policy': 'needed'}
